  Stack.cpp
D:\c++\15-1\Stack.cpp(15,12): error C2065: “T”: 未声明的标识符
D:\c++\15-1\Stack.cpp(15,6): error C2923: “Stack”: 对于参数“T”，“T”不是有效的 模板 类型变量
D:\c++\15-1\Stack.cpp(15): message : 参见“T”的声明
D:\c++\15-1\Stack.cpp(15,16): error C2955: “Stack”: 使用 类 模板 需要 模板 参数列表
D:\c++\15-1\Stack.h(7): message : 参见“Stack”的声明
D:\c++\15-1\Stack.cpp(15,22): error C2509: “pop”: 成员函数没有在“Stack”中声明
D:\c++\15-1\Stack.h(7): message : 参见“Stack”的声明
  main.cpp
D:\c++\15-1\Stack.cpp(15,12): error C2065: “T”: 未声明的标识符
D:\c++\15-1\Stack.cpp(15,6): error C2923: “Stack”: 对于参数“T”，“T”不是有效的 模板 类型变量
D:\c++\15-1\Stack.cpp(15): message : 参见“T”的声明
D:\c++\15-1\Stack.cpp(15,16): error C2955: “Stack”: 使用 类 模板 需要 模板 参数列表
D:\c++\15-1\Stack.h(7): message : 参见“Stack”的声明
D:\c++\15-1\Stack.cpp(15,22): error C2509: “pop”: 成员函数没有在“Stack”中声明
D:\c++\15-1\Stack.h(7): message : 参见“Stack”的声明
  正在生成代码...
